build/app/intermediates/manifest_merge_blame_file/release/manifest-merger-blame-release-report.txt
1<?xml version="1.0" encoding="utf-8"?>
2<manifest xmlns:android="http://schemas.android.com/apk/res/android"
3    package="com.swiss.med"
4    android:versionCode="3"
5    android:versionName="1.1.1" >
6
7    <uses-sdk
8        android:minSdkVersion="21"
8-->src\main\AndroidManifest.xml
9        android:targetSdkVersion="30" />
9-->src\main\AndroidManifest.xml
10    <!--
11         io.flutter.app.FlutterApplication is an android.app.Application that
12         calls FlutterMain.startInitialization(this); in its onCreate method.
13         In most cases you can leave this as-is, but you if you want to provide
14         additional functionality it is fine to subclass or reimplement
15         FlutterApplication and put your custom class here.
16    -->
17    <uses-permission android:name="android.permission.CALL_PHONE" />
17-->src\main\AndroidManifest.xml:8:5-69
17-->src\main\AndroidManifest.xml:8:22-66
18    <uses-permission android:name="android.permission.ACCESS_COARSE_LOCATION" />
18-->src\main\AndroidManifest.xml:9:5-81
18-->src\main\AndroidManifest.xml:9:22-78
19    <uses-permission android:name="android.permission.ACCESS_FINE_LOCATION" />
19-->src\main\AndroidManifest.xml:10:5-79
19-->src\main\AndroidManifest.xml:10:22-76
20    <uses-permission android:name="android.permission.WRITE_EXTERNAL_STORAGE" />
20-->src\main\AndroidManifest.xml:11:5-81
20-->src\main\AndroidManifest.xml:11:22-78
21    <uses-permission android:name="android.permission.READ_EXTERNAL_STORAGE" />
21-->src\main\AndroidManifest.xml:12:5-80
21-->src\main\AndroidManifest.xml:12:22-77
22    <uses-permission android:name="android.permission.INTERNET" /> <!-- Required to show current location -->
22-->src\main\AndroidManifest.xml:13:5-67
22-->src\main\AndroidManifest.xml:13:22-64
23    <uses-permission android:name="android.permission.ACCESS_NETWORK_STATE" />
23-->src\main\AndroidManifest.xml:14:5-79
23-->src\main\AndroidManifest.xml:14:22-76
24    <uses-permission android:name="android.permission.CAMERA" /> <!-- Permission to use camera - required -->
24-->src\main\AndroidManifest.xml:15:5-65
24-->src\main\AndroidManifest.xml:15:22-62
25    <uses-permission
25-->src\main\AndroidManifest.xml:16:5-109
26        android:name="com.name.name.permission.C2D_MESSAGE"
26-->src\main\AndroidManifest.xml:16:22-73
27        android:protectionLevel="normal" />
27-->src\main\AndroidManifest.xml:16:74-106
28    <uses-permission android:name="android.permission.RECEIVE_BOOT_COMPLETED" />
28-->[:flutter_local_notifications] AndroidManifest.xml:7:5-81
28-->[:flutter_local_notifications] AndroidManifest.xml:7:22-78
29    <uses-permission android:name="android.permission.VIBRATE" />
29-->[:flutter_local_notifications] AndroidManifest.xml:8:5-66
29-->[:flutter_local_notifications] AndroidManifest.xml:8:22-63
30    <uses-permission android:name="android.permission.USE_FULL_SCREEN_INTENT" />
30-->[:flutter_local_notifications] AndroidManifest.xml:9:5-81
30-->[:flutter_local_notifications] AndroidManifest.xml:9:22-78
31
32    <uses-feature
32-->[com.google.android.gms:play-services-maps:17.0.0] AndroidManifest.xml:26:5-28:35
33        android:glEsVersion="0x00020000"
33-->[com.google.android.gms:play-services-maps:17.0.0] AndroidManifest.xml:27:9-41
34        android:required="true" />
34-->[com.google.android.gms:play-services-maps:17.0.0] AndroidManifest.xml:28:9-32
35
36    <uses-permission android:name="android.permission.WAKE_LOCK" /> <!-- Required by older versions of Google Play services to create IID tokens -->
36-->[com.google.firebase:firebase-iid:21.0.0] AndroidManifest.xml:24:5-68
36-->[com.google.firebase:firebase-iid:21.0.0] AndroidManifest.xml:24:22-65
37    <uses-permission android:name="com.google.android.c2dm.permission.RECEIVE" />
37-->[com.google.firebase:firebase-iid:21.0.0] AndroidManifest.xml:26:5-82
37-->[com.google.firebase:firebase-iid:21.0.0] AndroidManifest.xml:26:22-79
38    <uses-permission android:name="com.google.android.finsky.permission.BIND_GET_INSTALL_REFERRER_SERVICE" />
38-->[com.google.android.gms:play-services-measurement:17.6.0] AndroidManifest.xml:26:5-110
38-->[com.google.android.gms:play-services-measurement:17.6.0] AndroidManifest.xml:26:22-107
39
40    <application
40-->src\main\AndroidManifest.xml:17:5-64:19
41        android:name="io.flutter.app.FlutterApplication"
41-->src\main\AndroidManifest.xml:18:9-57
42        android:appComponentFactory="androidx.core.app.CoreComponentFactory"
42-->[androidx.core:core:1.3.1] AndroidManifest.xml:24:18-86
43        android:icon="@mipmap/ic_launcher"
43-->src\main\AndroidManifest.xml:20:9-43
44        android:label="Swiss-Med"
44-->src\main\AndroidManifest.xml:19:9-34
45        android:supportsRtl="true" >
45-->[com.facebook.android:facebook-android-sdk:5.5.1] AndroidManifest.xml:28:18-44
46        <meta-data
47            android:name="com.google.android.geo.API_KEY"
47-->src\main\AndroidManifest.xml:22:11-56
48            android:value="AIzaSyCSQaCVmpA6-zji--4a-9209LcytYbE5Io" />
48-->src\main\AndroidManifest.xml:23:11-40
49
50        <activity
50-->src\main\AndroidManifest.xml:24:9-58:20
51            android:name="com.swiss.med.MainActivity"
51-->src\main\AndroidManifest.xml:25:13-41
52            android:configChanges="orientation|keyboardHidden|keyboard|screenSize|smallestScreenSize|locale|layoutDirection|fontScale|screenLayout|density|uiMode"
52-->src\main\AndroidManifest.xml:28:13-163
53            android:hardwareAccelerated="true"
53-->src\main\AndroidManifest.xml:29:13-47
54            android:launchMode="singleTop"
54-->src\main\AndroidManifest.xml:26:13-43
55            android:showWhenLocked="true"
55-->src\main\AndroidManifest.xml:30:13-42
56            android:theme="@style/LaunchTheme"
56-->src\main\AndroidManifest.xml:27:13-47
57            android:turnScreenOn="true"
57-->src\main\AndroidManifest.xml:31:13-40
58            android:windowSoftInputMode="adjustResize" >
58-->src\main\AndroidManifest.xml:32:13-55
59
60            <!--
61                 Specifies an Android theme to apply to this Activity as soon as
62                 the Android process has started. This theme is visible to the user
63                 while the Flutter UI initializes. After that, this theme continues
64                 to determine the Window background behind the Flutter UI.
65            -->
66            <meta-data
66-->src\main\AndroidManifest.xml:37:13-40:17
67                android:name="io.flutter.embedding.android.NormalTheme"
67-->src\main\AndroidManifest.xml:38:15-70
68                android:resource="@style/NormalTheme" />
68-->src\main\AndroidManifest.xml:39:15-52
69            <!--
70                 Displays an Android View that continues showing the launch screen
71                 Drawable until Flutter paints its first frame, then this splash
72                 screen fades out. A splash screen is useful to avoid any visual
73                 gap between the end of Android's launch screen and the painting of
74                 Flutter's first frame.
75            -->
76            <meta-data
76-->src\main\AndroidManifest.xml:46:13-49:17
77                android:name="io.flutter.embedding.android.SplashScreenDrawable"
77-->src\main\AndroidManifest.xml:47:15-79
78                android:resource="@drawable/launch_background" />
78-->src\main\AndroidManifest.xml:48:15-61
79
80            <intent-filter>
80-->src\main\AndroidManifest.xml:50:13-53:29
81                <action android:name="android.intent.action.MAIN" />
81-->src\main\AndroidManifest.xml:51:17-68
81-->src\main\AndroidManifest.xml:51:25-66
82
83                <category android:name="android.intent.category.LAUNCHER" />
83-->src\main\AndroidManifest.xml:52:17-76
83-->src\main\AndroidManifest.xml:52:27-74
84            </intent-filter>
85            <intent-filter>
85-->src\main\AndroidManifest.xml:54:13-57:29
86                <action android:name="FLUTTER_NOTIFICATION_CLICK" />
86-->src\main\AndroidManifest.xml:55:17-69
86-->src\main\AndroidManifest.xml:55:25-66
87
88                <category android:name="android.intent.category.DEFAULT" />
88-->src\main\AndroidManifest.xml:56:17-76
88-->src\main\AndroidManifest.xml:56:27-73
89            </intent-filter>
90        </activity>
91        <!--
92             Don't delete the meta-data below.
93             This is used by the Flutter tool to generate GeneratedPluginRegistrant.java
94        -->
95        <meta-data
95-->src\main\AndroidManifest.xml:61:9-63:33
96            android:name="flutterEmbedding"
96-->src\main\AndroidManifest.xml:62:13-44
97            android:value="2" />
97-->src\main\AndroidManifest.xml:63:13-30
98
99        <service
99-->[:firebase_auth] AndroidManifest.xml:8:9-12:19
100            android:name="com.google.firebase.components.ComponentDiscoveryService"
100-->[:firebase_auth] AndroidManifest.xml:8:18-89
101            android:directBootAware="true"
101-->[com.google.firebase:firebase-common:19.3.0] AndroidManifest.xml:34:13-43
102            android:exported="false" >
102-->[com.google.firebase:firebase-messaging:21.0.0] AndroidManifest.xml:38:13-37
103            <meta-data
103-->[:firebase_auth] AndroidManifest.xml:9:13-11:85
104                android:name="com.google.firebase.components:io.flutter.plugins.firebase.auth.FlutterFirebaseAuthRegistrar"
104-->[:firebase_auth] AndroidManifest.xml:10:17-124
105                android:value="com.google.firebase.components.ComponentRegistrar" />
105-->[:firebase_auth] AndroidManifest.xml:11:17-82
106            <meta-data
106-->[:firebase_messaging] AndroidManifest.xml:14:13-16:85
107                android:name="com.google.firebase.components:io.flutter.plugins.firebasemessaging.FlutterFirebaseAppRegistrar"
107-->[:firebase_messaging] AndroidManifest.xml:15:17-127
108                android:value="com.google.firebase.components.ComponentRegistrar" />
108-->[:firebase_messaging] AndroidManifest.xml:16:17-82
109            <meta-data
109-->[:firebase_core] AndroidManifest.xml:9:13-11:85
110                android:name="com.google.firebase.components:io.flutter.plugins.firebase.core.FlutterFirebaseCoreRegistrar"
110-->[:firebase_core] AndroidManifest.xml:10:17-124
111                android:value="com.google.firebase.components.ComponentRegistrar" />
111-->[:firebase_core] AndroidManifest.xml:11:17-82
112            <meta-data
112-->[com.google.firebase:firebase-messaging:21.0.0] AndroidManifest.xml:39:13-41:85
113                android:name="com.google.firebase.components:com.google.firebase.messaging.FirebaseMessagingRegistrar"
113-->[com.google.firebase:firebase-messaging:21.0.0] AndroidManifest.xml:40:17-119
114                android:value="com.google.firebase.components.ComponentRegistrar" />
114-->[com.google.firebase:firebase-messaging:21.0.0] AndroidManifest.xml:41:17-82
115            <meta-data
115-->[com.google.firebase:firebase-iid:21.0.0] AndroidManifest.xml:32:13-34:85
116                android:name="com.google.firebase.components:com.google.firebase.iid.Registrar"
116-->[com.google.firebase:firebase-iid:21.0.0] AndroidManifest.xml:33:17-96
117                android:value="com.google.firebase.components.ComponentRegistrar" />
117-->[com.google.firebase:firebase-iid:21.0.0] AndroidManifest.xml:34:17-82
118            <meta-data
118-->[com.google.android.gms:play-services-measurement-api:17.6.0] AndroidManifest.xml:30:13-32:85
119                android:name="com.google.firebase.components:com.google.firebase.analytics.connector.internal.AnalyticsConnectorRegistrar"
119-->[com.google.android.gms:play-services-measurement-api:17.6.0] AndroidManifest.xml:31:17-139
120                android:value="com.google.firebase.components.ComponentRegistrar" />
120-->[com.google.android.gms:play-services-measurement-api:17.6.0] AndroidManifest.xml:32:17-82
121            <meta-data
121-->[com.google.firebase:firebase-datatransport:17.0.3] AndroidManifest.xml:28:13-30:85
122                android:name="com.google.firebase.components:com.google.firebase.datatransport.TransportRegistrar"
122-->[com.google.firebase:firebase-datatransport:17.0.3] AndroidManifest.xml:29:17-115
123                android:value="com.google.firebase.components.ComponentRegistrar" />
123-->[com.google.firebase:firebase-datatransport:17.0.3] AndroidManifest.xml:30:17-82
124            <meta-data
124-->[com.google.firebase:firebase-installations:16.3.3] AndroidManifest.xml:17:13-19:85
125                android:name="com.google.firebase.components:com.google.firebase.installations.FirebaseInstallationsRegistrar"
125-->[com.google.firebase:firebase-installations:16.3.3] AndroidManifest.xml:18:17-127
126                android:value="com.google.firebase.components.ComponentRegistrar" />
126-->[com.google.firebase:firebase-installations:16.3.3] AndroidManifest.xml:19:17-82
127            <meta-data
127-->[com.google.firebase:firebase-auth:19.4.0] AndroidManifest.xml:36:13-38:85
128                android:name="com.google.firebase.components:com.google.firebase.auth.FirebaseAuthRegistrar"
128-->[com.google.firebase:firebase-auth:19.4.0] AndroidManifest.xml:37:17-109
129                android:value="com.google.firebase.components.ComponentRegistrar" />
129-->[com.google.firebase:firebase-auth:19.4.0] AndroidManifest.xml:38:17-82
130        </service>
131        <service android:name="io.flutter.plugins.firebasemessaging.FlutterFirebaseMessagingService" >
131-->[:firebase_messaging] AndroidManifest.xml:8:9-12:19
131-->[:firebase_messaging] AndroidManifest.xml:8:18-101
132            <intent-filter>
132-->[:firebase_messaging] AndroidManifest.xml:9:13-11:29
133                <action android:name="com.google.firebase.MESSAGING_EVENT" />
133-->[:firebase_messaging] AndroidManifest.xml:10:17-78
133-->[:firebase_messaging] AndroidManifest.xml:10:25-75
134            </intent-filter>
135        </service>
136
137        <provider
137-->[:image_picker] AndroidManifest.xml:11:9-19:20
138            android:name="io.flutter.plugins.imagepicker.ImagePickerFileProvider"
138-->[:image_picker] AndroidManifest.xml:12:13-82
139            android:authorities="com.swiss.med.flutter.image_provider"
139-->[:image_picker] AndroidManifest.xml:13:13-74
140            android:exported="false"
140-->[:image_picker] AndroidManifest.xml:14:13-37
141            android:grantUriPermissions="true" >
141-->[:image_picker] AndroidManifest.xml:15:13-47
142            <meta-data
142-->[:image_picker] AndroidManifest.xml:16:13-18:75
143                android:name="android.support.FILE_PROVIDER_PATHS"
143-->[:image_picker] AndroidManifest.xml:17:17-67
144                android:resource="@xml/flutter_image_picker_file_paths" />
144-->[:image_picker] AndroidManifest.xml:18:17-72
145        </provider>
146
147        <receiver android:name="com.dexterous.flutterlocalnotifications.ScheduledNotificationReceiver" />
147-->[:flutter_local_notifications] AndroidManifest.xml:12:9-106
147-->[:flutter_local_notifications] AndroidManifest.xml:12:19-103
148        <receiver android:name="com.dexterous.flutterlocalnotifications.ScheduledNotificationBootReceiver" >
148-->[:flutter_local_notifications] AndroidManifest.xml:13:9-20:20
148-->[:flutter_local_notifications] AndroidManifest.xml:13:19-107
149            <intent-filter>
149-->[:flutter_local_notifications] AndroidManifest.xml:14:13-19:29
150                <action android:name="android.intent.action.BOOT_COMPLETED" />
150-->[:flutter_local_notifications] AndroidManifest.xml:15:17-79
150-->[:flutter_local_notifications] AndroidManifest.xml:15:25-76
151                <action android:name="android.intent.action.MY_PACKAGE_REPLACED" />
151-->[:flutter_local_notifications] AndroidManifest.xml:16:17-84
151-->[:flutter_local_notifications] AndroidManifest.xml:16:25-81
152                <action android:name="android.intent.action.QUICKBOOT_POWERON" />
152-->[:flutter_local_notifications] AndroidManifest.xml:17:17-82
152-->[:flutter_local_notifications] AndroidManifest.xml:17:25-79
153                <action android:name="com.htc.intent.action.QUICKBOOT_POWERON" />
153-->[:flutter_local_notifications] AndroidManifest.xml:18:17-82
153-->[:flutter_local_notifications] AndroidManifest.xml:18:25-79
154            </intent-filter>
155        </receiver>
156
157        <activity
157-->[:url_launcher] AndroidManifest.xml:8:9-11:74
158            android:name="io.flutter.plugins.urllauncher.WebViewActivity"
158-->[:url_launcher] AndroidManifest.xml:9:13-74
159            android:exported="false"
159-->[:url_launcher] AndroidManifest.xml:10:13-37
160            android:theme="@android:style/Theme.NoTitleBar.Fullscreen" />
160-->[:url_launcher] AndroidManifest.xml:11:13-71
161        <activity
161-->[:razorpay_flutter] AndroidManifest.xml:8:9-11:20
162            android:name="com.razorpay.CheckoutActivity"
162-->[:razorpay_flutter] AndroidManifest.xml:9:13-57
163            android:configChanges="keyboard|keyboardHidden|orientation|screenSize"
163-->[com.razorpay:checkout:1.6.10] AndroidManifest.xml:20:13-83
164            android:label="Razorpay Checkout"
164-->[:razorpay_flutter] AndroidManifest.xml:10:13-46
165            android:theme="@style/CheckoutTheme" >
165-->[com.razorpay:checkout:1.6.10] AndroidManifest.xml:21:13-49
166            <intent-filter>
166-->[com.razorpay:checkout:1.6.10] AndroidManifest.xml:22:13-28:29
167                <action android:name="android.intent.action.MAIN" />
167-->src\main\AndroidManifest.xml:51:17-68
167-->src\main\AndroidManifest.xml:51:25-66
168
169                <data
169-->[com.firebaseui:firebase-ui-auth:4.3.1] AndroidManifest.xml:98:17-81
170                    android:host="rzp.io"
171                    android:scheme="io.rzp" />
171-->[com.firebaseui:firebase-ui-auth:4.3.1] AndroidManifest.xml:98:23-78
172            </intent-filter>
173        </activity>
174
175        <provider
175-->[:share] AndroidManifest.xml:8:9-16:20
176            android:name="io.flutter.plugins.share.ShareFileProvider"
176-->[:share] AndroidManifest.xml:9:13-70
177            android:authorities="com.swiss.med.flutter.share_provider"
177-->[:share] AndroidManifest.xml:10:13-74
178            android:exported="false"
178-->[:share] AndroidManifest.xml:11:13-37
179            android:grantUriPermissions="true" >
179-->[:share] AndroidManifest.xml:12:13-47
180            <meta-data
180-->[:image_picker] AndroidManifest.xml:16:13-18:75
181                android:name="android.support.FILE_PROVIDER_PATHS"
181-->[:image_picker] AndroidManifest.xml:17:17-67
182                android:resource="@xml/flutter_share_file_paths" />
182-->[:image_picker] AndroidManifest.xml:18:17-72
183        </provider>
184        <!--
185             FirebaseMessagingService performs security checks at runtime,
186             but set to not exported to explicitly avoid allowing another app to call it.
187        -->
188        <service
188-->[com.google.firebase:firebase-messaging:21.0.0] AndroidManifest.xml:28:9-35:19
189            android:name="com.google.firebase.messaging.FirebaseMessagingService"
189-->[com.google.firebase:firebase-messaging:21.0.0] AndroidManifest.xml:29:13-82
190            android:directBootAware="true"
190-->[com.google.firebase:firebase-messaging:21.0.0] AndroidManifest.xml:30:13-43
191            android:exported="false" >
191-->[com.google.firebase:firebase-messaging:21.0.0] AndroidManifest.xml:31:13-37
192            <intent-filter android:priority="-500" >
192-->[:firebase_messaging] AndroidManifest.xml:9:13-11:29
193                <action android:name="com.google.firebase.MESSAGING_EVENT" />
193-->[:firebase_messaging] AndroidManifest.xml:10:17-78
193-->[:firebase_messaging] AndroidManifest.xml:10:25-75
194            </intent-filter>
195        </service>
196
197        <meta-data
197-->[com.firebaseui:firebase-ui-auth:4.3.1] AndroidManifest.xml:16:9-18:69
198            android:name="com.google.android.gms.version"
198-->[com.firebaseui:firebase-ui-auth:4.3.1] AndroidManifest.xml:17:13-58
199            android:value="@integer/google_play_services_version" />
199-->[com.firebaseui:firebase-ui-auth:4.3.1] AndroidManifest.xml:18:13-66
200        <meta-data
200-->[com.firebaseui:firebase-ui-auth:4.3.1] AndroidManifest.xml:19:9-21:63
201            android:name="com.facebook.sdk.ApplicationId"
201-->[com.firebaseui:firebase-ui-auth:4.3.1] AndroidManifest.xml:20:13-58
202            android:value="@string/facebook_application_id" />
202-->[com.firebaseui:firebase-ui-auth:4.3.1] AndroidManifest.xml:21:13-60
203
204        <activity
204-->[com.firebaseui:firebase-ui-auth:4.3.1] AndroidManifest.xml:23:9-27:61
205            android:name="com.firebase.ui.auth.KickoffActivity"
205-->[com.firebaseui:firebase-ui-auth:4.3.1] AndroidManifest.xml:24:13-64
206            android:exported="false"
206-->[com.firebaseui:firebase-ui-auth:4.3.1] AndroidManifest.xml:25:13-37
207            android:label=""
207-->[com.firebaseui:firebase-ui-auth:4.3.1] AndroidManifest.xml:26:13-29
208            android:theme="@style/FirebaseUI.Transparent" />
208-->[com.firebaseui:firebase-ui-auth:4.3.1] AndroidManifest.xml:27:13-58
209        <activity
209-->[com.firebaseui:firebase-ui-auth:4.3.1] AndroidManifest.xml:28:9-32:61
210            android:name="com.firebase.ui.auth.ui.idp.SingleSignInActivity"
210-->[com.firebaseui:firebase-ui-auth:4.3.1] AndroidManifest.xml:29:13-76
211            android:exported="false"
211-->[com.firebaseui:firebase-ui-auth:4.3.1] AndroidManifest.xml:30:13-37
212            android:label=""
212-->[com.firebaseui:firebase-ui-auth:4.3.1] AndroidManifest.xml:31:13-29
213            android:theme="@style/FirebaseUI.Transparent" />
213-->[com.firebaseui:firebase-ui-auth:4.3.1] AndroidManifest.xml:32:13-58
214        <activity
214-->[com.firebaseui:firebase-ui-auth:4.3.1] AndroidManifest.xml:33:9-37:61
215            android:name="com.firebase.ui.auth.ui.credentials.CredentialSaveActivity"
215-->[com.firebaseui:firebase-ui-auth:4.3.1] AndroidManifest.xml:34:13-86
216            android:exported="false"
216-->[com.firebaseui:firebase-ui-auth:4.3.1] AndroidManifest.xml:35:13-37
217            android:label=""
217-->[com.firebaseui:firebase-ui-auth:4.3.1] AndroidManifest.xml:36:13-29
218            android:theme="@style/FirebaseUI.Transparent" />
218-->[com.firebaseui:firebase-ui-auth:4.3.1] AndroidManifest.xml:37:13-58
219        <activity
219-->[com.firebaseui:firebase-ui-auth:4.3.1] AndroidManifest.xml:38:9-42:58
220            android:name="com.firebase.ui.auth.ui.email.RecoverPasswordActivity"
220-->[com.firebaseui:firebase-ui-auth:4.3.1] AndroidManifest.xml:39:13-81
221            android:exported="false"
221-->[com.firebaseui:firebase-ui-auth:4.3.1] AndroidManifest.xml:40:13-37
222            android:label="@string/fui_title_recover_password_activity"
222-->[com.firebaseui:firebase-ui-auth:4.3.1] AndroidManifest.xml:41:13-72
223            android:windowSoftInputMode="adjustResize" />
223-->[com.firebaseui:firebase-ui-auth:4.3.1] AndroidManifest.xml:42:13-55
224        <activity
224-->[com.firebaseui:firebase-ui-auth:4.3.1] AndroidManifest.xml:43:9-47:58
225            android:name="com.firebase.ui.auth.ui.email.EmailActivity"
225-->[com.firebaseui:firebase-ui-auth:4.3.1] AndroidManifest.xml:44:13-71
226            android:exported="false"
226-->[com.firebaseui:firebase-ui-auth:4.3.1] AndroidManifest.xml:45:13-37
227            android:label="@string/fui_sign_in_default"
227-->[com.firebaseui:firebase-ui-auth:4.3.1] AndroidManifest.xml:46:13-56
228            android:windowSoftInputMode="adjustResize" />
228-->[com.firebaseui:firebase-ui-auth:4.3.1] AndroidManifest.xml:47:13-55
229        <activity
229-->[com.firebaseui:firebase-ui-auth:4.3.1] AndroidManifest.xml:48:9-52:77
230            android:name="com.firebase.ui.auth.ui.phone.PhoneActivity"
230-->[com.firebaseui:firebase-ui-auth:4.3.1] AndroidManifest.xml:49:13-71
231            android:exported="false"
231-->[com.firebaseui:firebase-ui-auth:4.3.1] AndroidManifest.xml:50:13-37
232            android:label="@string/fui_sign_in_with_phone_number"
232-->[com.firebaseui:firebase-ui-auth:4.3.1] AndroidManifest.xml:51:13-66
233            android:windowSoftInputMode="adjustResize|stateAlwaysVisible" />
233-->[com.firebaseui:firebase-ui-auth:4.3.1] AndroidManifest.xml:52:13-74
234        <activity
234-->[com.firebaseui:firebase-ui-auth:4.3.1] AndroidManifest.xml:53:9-57:58
235            android:name="com.firebase.ui.auth.ui.idp.WelcomeBackIdpPrompt"
235-->[com.firebaseui:firebase-ui-auth:4.3.1] AndroidManifest.xml:54:13-76
236            android:exported="false"
236-->[com.firebaseui:firebase-ui-auth:4.3.1] AndroidManifest.xml:55:13-37
237            android:label="@string/fui_title_welcome_back_idp_prompt"
237-->[com.firebaseui:firebase-ui-auth:4.3.1] AndroidManifest.xml:56:13-70
238            android:windowSoftInputMode="adjustResize" />
238-->[com.firebaseui:firebase-ui-auth:4.3.1] AndroidManifest.xml:57:13-55
239        <activity
239-->[com.firebaseui:firebase-ui-auth:4.3.1] AndroidManifest.xml:58:9-62:58
240            android:name="com.firebase.ui.auth.ui.email.WelcomeBackPasswordPrompt"
240-->[com.firebaseui:firebase-ui-auth:4.3.1] AndroidManifest.xml:59:13-83
241            android:exported="false"
241-->[com.firebaseui:firebase-ui-auth:4.3.1] AndroidManifest.xml:60:13-37
242            android:label="@string/fui_title_welcome_back_password_prompt"
242-->[com.firebaseui:firebase-ui-auth:4.3.1] AndroidManifest.xml:61:13-75
243            android:windowSoftInputMode="adjustResize" />
243-->[com.firebaseui:firebase-ui-auth:4.3.1] AndroidManifest.xml:62:13-55
244        <activity
244-->[com.firebaseui:firebase-ui-auth:4.3.1] AndroidManifest.xml:63:9-67:58
245            android:name="com.firebase.ui.auth.ui.email.WelcomeBackEmailLinkPrompt"
245-->[com.firebaseui:firebase-ui-auth:4.3.1] AndroidManifest.xml:64:13-84
246            android:exported="false"
246-->[com.firebaseui:firebase-ui-auth:4.3.1] AndroidManifest.xml:65:13-37
247            android:label="@string/fui_title_welcome_back_password_prompt"
247-->[com.firebaseui:firebase-ui-auth:4.3.1] AndroidManifest.xml:66:13-75
248            android:windowSoftInputMode="adjustResize" />
248-->[com.firebaseui:firebase-ui-auth:4.3.1] AndroidManifest.xml:67:13-55
249        <activity
249-->[com.firebaseui:firebase-ui-auth:4.3.1] AndroidManifest.xml:68:9-73:58
250            android:name="com.firebase.ui.auth.ui.email.EmailLinkCatcherActivity"
250-->[com.firebaseui:firebase-ui-auth:4.3.1] AndroidManifest.xml:69:13-82
251            android:exported="false"
251-->[com.firebaseui:firebase-ui-auth:4.3.1] AndroidManifest.xml:70:13-37
252            android:label=""
252-->[com.firebaseui:firebase-ui-auth:4.3.1] AndroidManifest.xml:71:13-29
253            android:theme="@style/FirebaseUI.Transparent"
253-->[com.firebaseui:firebase-ui-auth:4.3.1] AndroidManifest.xml:72:13-58
254            android:windowSoftInputMode="adjustResize" />
254-->[com.firebaseui:firebase-ui-auth:4.3.1] AndroidManifest.xml:73:13-55
255        <activity
255-->[com.firebaseui:firebase-ui-auth:4.3.1] AndroidManifest.xml:74:9-78:58
256            android:name="com.firebase.ui.auth.ui.email.EmailLinkErrorRecoveryActivity"
256-->[com.firebaseui:firebase-ui-auth:4.3.1] AndroidManifest.xml:75:13-88
257            android:exported="false"
257-->[com.firebaseui:firebase-ui-auth:4.3.1] AndroidManifest.xml:76:13-37
258            android:label="@string/fui_sign_in_default"
258-->[com.firebaseui:firebase-ui-auth:4.3.1] AndroidManifest.xml:77:13-56
259            android:windowSoftInputMode="adjustResize" />
259-->[com.firebaseui:firebase-ui-auth:4.3.1] AndroidManifest.xml:78:13-55
260        <activity
260-->[com.firebaseui:firebase-ui-auth:4.3.1] AndroidManifest.xml:79:9-82:65
261            android:name="com.firebase.ui.auth.ui.idp.AuthMethodPickerActivity"
261-->[com.firebaseui:firebase-ui-auth:4.3.1] AndroidManifest.xml:80:13-80
262            android:exported="false"
262-->[com.firebaseui:firebase-ui-auth:4.3.1] AndroidManifest.xml:81:13-37
263            android:label="@string/fui_default_toolbar_title" />
263-->[com.firebaseui:firebase-ui-auth:4.3.1] AndroidManifest.xml:82:13-62
264        <activity
264-->[com.firebaseui:firebase-ui-auth:4.3.1] AndroidManifest.xml:83:9-87:48
265            android:name="com.facebook.FacebookActivity"
265-->[com.firebaseui:firebase-ui-auth:4.3.1] AndroidManifest.xml:84:13-57
266            android:configChanges="keyboard|keyboardHidden|screenLayout|screenSize|orientation"
266-->[com.firebaseui:firebase-ui-auth:4.3.1] AndroidManifest.xml:85:13-96
267            android:label="@string/app_name"
267-->[com.firebaseui:firebase-ui-auth:4.3.1] AndroidManifest.xml:86:13-45
268            android:theme="@style/com_facebook_activity_theme" />
268-->[com.facebook.android:facebook-common:5.5.1] AndroidManifest.xml:32:13-63
269        <activity
269-->[com.firebaseui:firebase-ui-auth:4.3.1] AndroidManifest.xml:88:9-100:20
270            android:name="com.facebook.CustomTabActivity"
270-->[com.firebaseui:firebase-ui-auth:4.3.1] AndroidManifest.xml:89:13-58
271            android:exported="true" >
271-->[com.firebaseui:firebase-ui-auth:4.3.1] AndroidManifest.xml:90:13-36
272            <intent-filter>
272-->[com.firebaseui:firebase-ui-auth:4.3.1] AndroidManifest.xml:92:13-99:29
273                <action android:name="android.intent.action.VIEW" />
273-->[com.firebaseui:firebase-ui-auth:4.3.1] AndroidManifest.xml:93:17-69
273-->[com.firebaseui:firebase-ui-auth:4.3.1] AndroidManifest.xml:93:25-66
274
275                <category android:name="android.intent.category.DEFAULT" />
275-->src\main\AndroidManifest.xml:56:17-76
275-->src\main\AndroidManifest.xml:56:27-73
276                <category android:name="android.intent.category.BROWSABLE" />
276-->[com.firebaseui:firebase-ui-auth:4.3.1] AndroidManifest.xml:96:17-78
276-->[com.firebaseui:firebase-ui-auth:4.3.1] AndroidManifest.xml:96:27-75
277